[debug] [2021-09-15T08:53:33.055Z] ----------------------------------------------------------------------
[debug] [2021-09-15T08:53:33.056Z] Command:       C:\Program Files\nodejs\node.exe C:\Users\HP\AppData\Roaming\npm\node_modules\firebase-tools\lib\bin\firebase.js init
[debug] [2021-09-15T08:53:33.057Z] CLI Version:   9.18.0
[debug] [2021-09-15T08:53:33.057Z] Platform:      win32
[debug] [2021-09-15T08:53:33.057Z] Node Version:  v12.18.4
[debug] [2021-09-15T08:53:33.059Z] Time:          Wed Sep 15 2021 14:23:33 GMT+0530 (India Standard Time)
[debug] [2021-09-15T08:53:33.059Z] ----------------------------------------------------------------------
[debug] 
[debug] [2021-09-15T08:53:33.201Z] > command requires scopes: ["email","openid","https://www.googleapis.com/auth/cloudplatformprojects.readonly","https://www.googleapis.com/auth/firebase","https://www.googleapis.com/auth/cloud-platform"]
[debug] [2021-09-15T08:53:33.201Z] > authorizing via signed-in user (projectyclub@gmail.com)
[info] 
     ######## #### ########  ######## ########     ###     ######  ########
     ##        ##  ##     ## ##       ##     ##  ##   ##  ##       ##
     ######    ##  ########  ######   ########  #########  ######  ######
     ##        ##  ##    ##  ##       ##     ## ##     ##       ## ##
     ##       #### ##     ## ######## ########  ##     ##  ######  ########

You're about to initialize a Firebase project in this directory:

  D:\

Before we get started, keep in mind:

  * You are initializing within an existing Firebase project directory

[info] 
=== Project Setup
[info] 
[info] First, let's associate this project directory with a Firebase project.
[info] You can create multiple project aliases by running firebase use --add, 
[info] but for now we'll just set up a default project.
[info] 
[debug] [2021-09-15T08:53:55.333Z] >>> [apiv2][query] GET https://firebase.googleapis.com/v1beta1/projects/victdca-2021 [none]
[debug] [2021-09-15T08:53:55.896Z] <<< [apiv2][status] GET https://firebase.googleapis.com/v1beta1/projects/victdca-2021 403
[debug] [2021-09-15T08:53:55.897Z] <<< [apiv2][body] GET https://firebase.googleapis.com/v1beta1/projects/victdca-2021 {"error":{"code":403,"message":"The caller does not have permission","status":"PERMISSION_DENIED"}}
[debug] [2021-09-15T08:53:55.897Z] HTTP Error: 403, The caller does not have permission
[debug] [2021-09-15T08:53:56.132Z] FirebaseError: HTTP Error: 403, The caller does not have permission
    at module.exports (C:\Users\HP\AppData\Roaming\npm\node_modules\firebase-tools\lib\responseToError.js:38:12)
    at Client.doRequest (C:\Users\HP\AppData\Roaming\npm\node_modules\firebase-tools\lib\apiv2.js:238:23)
    at processTicksAndRejections (internal/process/task_queues.js:97:5)
    at async Client.request (C:\Users\HP\AppData\Roaming\npm\node_modules\firebase-tools\lib\apiv2.js:96:20)
    at async Object.getFirebaseProject (C:\Users\HP\AppData\Roaming\npm\node_modules\firebase-tools\lib\management\projects.js:290:21)
    at async Object.doSetup [as project] (C:\Users\HP\AppData\Roaming\npm\node_modules\firebase-tools\lib\init\features\project.js:84:27)
    at async init (C:\Users\HP\AppData\Roaming\npm\node_modules\firebase-tools\lib\init\index.js:19:9)
[error] 
[error] Error: Failed to get Firebase project victdca-2021. Please make sure the project exists and your account has permission to access it.
[debug] [2021-09-15T08:54:29.798Z] ----------------------------------------------------------------------
[debug] [2021-09-15T08:54:29.801Z] Command:       C:\Program Files\nodejs\node.exe C:\Users\HP\AppData\Roaming\npm\node_modules\firebase-tools\lib\bin\firebase.js init
[debug] [2021-09-15T08:54:29.801Z] CLI Version:   9.18.0
[debug] [2021-09-15T08:54:29.801Z] Platform:      win32
[debug] [2021-09-15T08:54:29.801Z] Node Version:  v12.18.4
[debug] [2021-09-15T08:54:29.803Z] Time:          Wed Sep 15 2021 14:24:29 GMT+0530 (India Standard Time)
[debug] [2021-09-15T08:54:29.803Z] ----------------------------------------------------------------------
[debug] 
[debug] [2021-09-15T08:54:29.853Z] > command requires scopes: ["email","openid","https://www.googleapis.com/auth/cloudplatformprojects.readonly","https://www.googleapis.com/auth/firebase","https://www.googleapis.com/auth/cloud-platform"]
[debug] [2021-09-15T08:54:29.853Z] > authorizing via signed-in user (projectyclub@gmail.com)
[info] 
     ######## #### ########  ######## ########     ###     ######  ########
     ##        ##  ##     ## ##       ##     ##  ##   ##  ##       ##
     ######    ##  ########  ######   ########  #########  ######  ######
     ##        ##  ##    ##  ##       ##     ## ##     ##       ## ##
     ##       #### ##     ## ######## ########  ##     ##  ######  ########

You're about to initialize a Firebase project in this directory:

  D:\

Before we get started, keep in mind:

  * You are initializing within an existing Firebase project directory

[info] 
=== Project Setup
[info] 
[info] First, let's associate this project directory with a Firebase project.
[info] You can create multiple project aliases by running firebase use --add, 
[info] but for now we'll just set up a default project.
[info] 
[debug] [2021-09-15T08:54:38.295Z] >>> [apiv2][query] GET https://firebase.googleapis.com/v1beta1/projects/victdca-2021 [none]
[debug] [2021-09-15T08:54:38.830Z] <<< [apiv2][status] GET https://firebase.googleapis.com/v1beta1/projects/victdca-2021 403
[debug] [2021-09-15T08:54:38.830Z] <<< [apiv2][body] GET https://firebase.googleapis.com/v1beta1/projects/victdca-2021 {"error":{"code":403,"message":"The caller does not have permission","status":"PERMISSION_DENIED"}}
[debug] [2021-09-15T08:54:38.830Z] HTTP Error: 403, The caller does not have permission
[debug] [2021-09-15T08:54:39.030Z] FirebaseError: HTTP Error: 403, The caller does not have permission
    at module.exports (C:\Users\HP\AppData\Roaming\npm\node_modules\firebase-tools\lib\responseToError.js:38:12)
    at Client.doRequest (C:\Users\HP\AppData\Roaming\npm\node_modules\firebase-tools\lib\apiv2.js:238:23)
    at processTicksAndRejections (internal/process/task_queues.js:97:5)
    at async Client.request (C:\Users\HP\AppData\Roaming\npm\node_modules\firebase-tools\lib\apiv2.js:96:20)
    at async Object.getFirebaseProject (C:\Users\HP\AppData\Roaming\npm\node_modules\firebase-tools\lib\management\projects.js:290:21)
    at async Object.doSetup [as project] (C:\Users\HP\AppData\Roaming\npm\node_modules\firebase-tools\lib\init\features\project.js:84:27)
    at async init (C:\Users\HP\AppData\Roaming\npm\node_modules\firebase-tools\lib\init\index.js:19:9)
[error] 
[error] Error: Failed to get Firebase project victdca-2021. Please make sure the project exists and your account has permission to access it.
